<?xml version="1.0" encoding="UTF-8"?>
<!-- Generated by org.testng.reporters.JUnitXMLReporter -->
<testsuite ignored="0" hostname="DESKTOP-TROT5AG" failures="1" tests="6" name="Test" time="51.412" errors="0" timestamp="12 Dec 2021 02:51:12 GMT">
  <testcase classname="seleniumexercise.checkbox" name="SelectSpecificCheckbox" time="6.016"/>
  <testcase classname="seleniumexercise.draganddrop" name="dragdropoperation" time="7.195"/>
  <testcase classname="seleniumexercise.checkbox" name="checkboxvalidation" time="6.175"/>
  <testcase classname="seleniumexercise.dropdownbox" name="SelectDropdownExample" time="16.421"/>
  <testcase classname="seleniumexercise.dropdownbox" name="selectoption" time="0.0">
    <failure type="org.testng.TestNGException" message="
Cannot inject @Test annotated Method [selectoption] with [interface org.openqa.selenium.WebElement, class java.lang.String].
For more information on native dependency injection please refer to http://testng.org/doc/documentation-main.html#native-dependency-injection">
      <![CDATA[org.testng.TestNGException: 
Cannot inject @Test annotated Method [selectoption] with [interface org.openqa.selenium.WebElement, class java.lang.String].
For more information on native dependency injection please refer to http://testng.org/doc/documentation-main.html#native-dependency-injection
at java.base/java.util.concurrent.ThreadPoolExecutor.runWorker(ThreadPoolExecutor.java:1128)
at java.base/java.util.concurrent.ThreadPoolExecutor$Worker.run(ThreadPoolExecutor.java:628)
at java.base/java.lang.Thread.run(Thread.java:834)
... Removed 9 stack frames]]>
    </failure>
  </testcase> <!-- selectoption -->
  <testcase classname="seleniumexercise.checkbox" name="selectallcheckbox" time="5.52"/>
</testsuite> <!-- Test -->
